# JRE version: Java(TM) SE Runtime Environment (8.0_40-b26) (build 1.8.0_40-b26)
# Java VM: Java HotSpot(TM) 64-Bit Server VM (25.40-b25 mixed mode windows-amd64 compressed oops)
Heap:
 PSYoungGen      total 58880K, used 25146K [0x00000000f5980000, 0x00000000fa500000, 0x0000000100000000)
  eden space 50688K, 33% used [0x00000000f5980000,0x00000000f6a10448,0x00000000f8b00000)
  from space 8192K, 99% used [0x00000000f8c00000,0x00000000f93fe3c0,0x00000000f9400000)
  to   space 13312K, 0% used [0x00000000f9800000,0x00000000f9800000,0x00000000fa500000)
 ParOldGen       total 136704K, used 15525K [0x00000000e0c00000, 0x00000000e9180000, 0x00000000f5980000)
  object space 136704K, 11% used [0x00000000e0c00000,0x00000000e1b29628,0x00000000e9180000)
 Metaspace       used 38289K, capacity 39738K, committed 40104K, reserved 1083392K
  class space    used 5531K, capacity 5951K, committed 6064K, reserved 1048576K
GC Heap History (10 events):
Event: 74.004 GC heap before
{Heap before GC invocations=7 (full 3):
 PSYoungGen      total 59904K, used 8171K [0x00000000f5980000, 0x00000000f9c00000, 0x0000000100000000)
  eden space 51712K, 0% used [0x00000000f5980000,0x00000000f5980000,0x00000000f8c00000)
  from space 8192K, 99% used [0x00000000f9400000,0x00000000f9bface0,0x00000000f9c00000)
  to   space 8192K, 0% used [0x00000000f8c00000,0x00000000f8c00000,0x00000000f9400000)
 ParOldGen       total 136704K, used 3390K [0x00000000e0c00000, 0x00000000e9180000, 0x00000000f5980000)
  object space 136704K, 2% used [0x00000000e0c00000,0x00000000e0f4f868,0x00000000e9180000)
 Metaspace       used 20314K, capacity 21218K, committed 21296K, reserved 1067008K
  class space    used 2542K, capacity 2831K, committed 2864K, reserved 1048576K
Event: 74.085 GC heap after
Heap after GC invocations=7 (full 3):
 PSYoungGen      total 59904K, used 0K [0x00000000f5980000, 0x00000000f9c00000, 0x0000000100000000)
  eden space 51712K, 0% used [0x00000000f5980000,0x00000000f5980000,0x00000000f8c00000)
  from space 8192K, 0% used [0x00000000f9400000,0x00000000f9400000,0x00000000f9c00000)
  to   space 8192K, 0% used [0x00000000f8c00000,0x00000000f8c00000,0x00000000f9400000)
 ParOldGen       total 136704K, used 9677K [0x00000000e0c00000, 0x00000000e9180000, 0x00000000f5980000)
  object space 136704K, 7% used [0x00000000e0c00000,0x00000000e15737d8,0x00000000e9180000)
 Metaspace       used 20314K, capacity 21218K, committed 21296K, reserved 1067008K
  class space    used 2542K, capacity 2831K, committed 2864K, reserved 1048576K
}
Event: 80.194 GC heap before
{Heap before GC invocations=8 (full 3):
 PSYoungGen      total 59904K, used 51712K [0x00000000f5980000, 0x00000000f9c00000, 0x0000000100000000)
  eden space 51712K, 100% used [0x00000000f5980000,0x00000000f8c00000,0x00000000f8c00000)
  from space 8192K, 0% used [0x00000000f9400000,0x00000000f9400000,0x00000000f9c00000)
  to   space 8192K, 0% used [0x00000000f8c00000,0x00000000f8c00000,0x00000000f9400000)
 ParOldGen       total 136704K, used 9677K [0x00000000e0c00000, 0x00000000e9180000, 0x00000000f5980000)
  object space 136704K, 7% used [0x00000000e0c00000,0x00000000e15737d8,0x00000000e9180000)
 Metaspace       used 28757K, capacity 29806K, committed 30000K, reserved 1075200K
  class space    used 4023K, capacity 4364K, committed 4400K, reserved 1048576K
Event: 80.209 GC heap after
Heap after GC invocations=8 (full 3):
 PSYoungGen      total 59904K, used 8024K [0x00000000f5980000, 0x00000000f9c00000, 0x0000000100000000)
  eden space 51712K, 0% used [0x00000000f5980000,0x00000000f5980000,0x00000000f8c00000)
  from space 8192K, 97% used [0x00000000f8c00000,0x00000000f93d6048,0x00000000f9400000)
  to   space 8192K, 0% used [0x00000000f9400000,0x00000000f9400000,0x00000000f9c00000)
 ParOldGen       total 136704K, used 9685K [0x00000000e0c00000, 0x00000000e9180000, 0x00000000f5980000)
  object space 136704K, 7% used [0x00000000e0c00000,0x00000000e15757d8,0x00000000e9180000)
 Metaspace       used 28757K, capacity 29806K, committed 30000K, reserved 1075200K
  class space    used 4023K, capacity 4364K, committed 4400K, reserved 1048576K
}
Event: 82.282 GC heap before
{Heap before GC invocations=9 (full 3):
 PSYoungGen      total 59904K, used 38190K [0x00000000f5980000, 0x00000000f9c00000, 0x0000000100000000)
  eden space 51712K, 58% used [0x00000000f5980000,0x00000000f76f5a98,0x00000000f8c00000)
  from space 8192K, 97% used [0x00000000f8c00000,0x00000000f93d6048,0x00000000f9400000)
  to   space 8192K, 0% used [0x00000000f9400000,0x00000000f9400000,0x00000000f9c00000)
 ParOldGen       total 136704K, used 9685K [0x00000000e0c00000, 0x00000000e9180000, 0x00000000f5980000)
  object space 136704K, 7% used [0x00000000e0c00000,0x00000000e15757d8,0x00000000e9180000)
 Metaspace       used 33890K, capacity 35250K, committed 35496K, reserved 1079296K
  class space    used 4917K, capacity 5296K, committed 5296K, reserved 1048576K
Event: 82.297 GC heap after
Heap after GC invocations=9 (full 3):
 PSYoungGen      total 59904K, used 8171K [0x00000000f5980000, 0x00000000f9c00000, 0x0000000100000000)
  eden space 51712K, 0% used [0x00000000f5980000,0x00000000f5980000,0x00000000f8c00000)
  from space 8192K, 99% used [0x00000000f9400000,0x00000000f9bfac00,0x00000000f9c00000)
  to   space 8192K, 0% used [0x00000000f8c00000,0x00000000f8c00000,0x00000000f9400000)
 ParOldGen       total 136704K, used 10050K [0x00000000e0c00000, 0x00000000e9180000, 0x00000000f5980000)
  object space 136704K, 7% used [0x00000000e0c00000,0x00000000e15d0bd0,0x00000000e9180000)
 Metaspace       used 33890K, capacity 35250K, committed 35496K, reserved 1079296K
  class space    used 4917K, capacity 5296K, committed 5296K, reserved 1048576K
}
Event: 82.297 GC heap before
{Heap before GC invocations=10 (full 4):
 PSYoungGen      total 59904K, used 8171K [0x00000000f5980000, 0x00000000f9c00000, 0x0000000100000000)
  eden space 51712K, 0% used [0x00000000f5980000,0x00000000f5980000,0x00000000f8c00000)
  from space 8192K, 99% used [0x00000000f9400000,0x00000000f9bfac00,0x00000000f9c00000)
  to   space 8192K, 0% used [0x00000000f8c00000,0x00000000f8c00000,0x00000000f9400000)
 ParOldGen       total 136704K, used 10050K [0x00000000e0c00000, 0x00000000e9180000, 0x00000000f5980000)
  object space 136704K, 7% used [0x00000000e0c00000,0x00000000e15d0bd0,0x00000000e9180000)
 Metaspace       used 33890K, capacity 35250K, committed 35496K, reserved 1079296K
  class space    used 4917K, capacity 5296K, committed 5296K, reserved 1048576K
Event: 82.378 GC heap after
Heap after GC invocations=10 (full 4):
 PSYoungGen      total 59904K, used 0K [0x00000000f5980000, 0x00000000f9c00000, 0x0000000100000000)
  eden space 51712K, 0% used [0x00000000f5980000,0x00000000f5980000,0x00000000f8c00000)
  from space 8192K, 0% used [0x00000000f9400000,0x00000000f9400000,0x00000000f9c00000)
  to   space 8192K, 0% used [0x00000000f8c00000,0x00000000f8c00000,0x00000000f9400000)
 ParOldGen       total 136704K, used 15227K [0x00000000e0c00000, 0x00000000e9180000, 0x00000000f5980000)
  object space 136704K, 11% used [0x00000000e0c00000,0x00000000e1adefd0,0x00000000e9180000)
 Metaspace       used 33890K, capacity 35250K, committed 35496K, reserved 1079296K
  class space    used 4917K, capacity 5296K, committed 5296K, reserved 1048576K
}
Event: 105.317 GC heap before
{Heap before GC invocations=11 (full 4):
 PSYoungGen      total 59904K, used 51712K [0x00000000f5980000, 0x00000000f9c00000, 0x0000000100000000)
  eden space 51712K, 100% used [0x00000000f5980000,0x00000000f8c00000,0x00000000f8c00000)
  from space 8192K, 0% used [0x00000000f9400000,0x00000000f9400000,0x00000000f9c00000)
  to   space 8192K, 0% used [0x00000000f8c00000,0x00000000f8c00000,0x00000000f9400000)
 ParOldGen       total 136704K, used 15227K [0x00000000e0c00000, 0x00000000e9180000, 0x00000000f5980000)
  object space 136704K, 11% used [0x00000000e0c00000,0x00000000e1adefd0,0x00000000e9180000)
 Metaspace       used 37947K, capacity 39362K, committed 39464K, reserved 1083392K
  class space    used 5486K, capacity 5912K, committed 5936K, reserved 1048576K
Event: 105.327 GC heap after
Heap after GC invocations=11 (full 4):
 PSYoungGen      total 58880K, used 8184K [0x00000000f5980000, 0x00000000fa500000, 0x0000000100000000)
  eden space 50688K, 0% used [0x00000000f5980000,0x00000000f5980000,0x00000000f8b00000)
  from space 8192K, 99% used [0x00000000f8c00000,0x00000000f93fe3c0,0x00000000f9400000)
  to   space 13312K, 0% used [0x00000000f9800000,0x00000000f9800000,0x00000000fa500000)
 ParOldGen       total 136704K, used 15525K [0x00000000e0c00000, 0x00000000e9180000, 0x00000000f5980000)
  object space 136704K, 11% used [0x00000000e0c00000,0x00000000e1b29628,0x00000000e9180000)
 Metaspace       used 37947K, capacity 39362K, committed 39464K, reserved 1083392K
  class space    used 5486K, capacity 5912K, committed 5936K, reserved 1048576K
}

